0 info it worked if it ends with ok
1 verbose cli [ '/home/pury/Programs/nodejs/bin/node',
1 verbose cli   '/usr/bin/npm',
1 verbose cli   'install',
1 verbose cli   'uglify-js',
1 verbose cli   '-g' ]
2 info using npm@2.15.1
3 info using node@v4.4.3
4 verbose install initial load of /home/pury/Programs/nodejs/lib/package.json
5 verbose readDependencies loading dependencies from /home/pury/Programs/nodejs/lib/package.json
6 silly cache add args [ 'uglify-js', null ]
7 verbose cache add spec uglify-js
8 silly cache add parsed spec Result {
8 silly cache add   raw: 'uglify-js',
8 silly cache add   scope: null,
8 silly cache add   name: 'uglify-js',
8 silly cache add   rawSpec: '',
8 silly cache add   spec: 'latest',
8 silly cache add   type: 'tag' }
9 silly addNamed uglify-js@latest
10 verbose addNamed "latest" is being treated as a dist-tag for uglify-js
11 info addNameTag [ 'uglify-js', 'latest' ]
12 silly mapToRegistry name uglify-js
13 silly mapToRegistry using default registry
14 silly mapToRegistry registry https://registry.npmjs.org/
15 silly mapToRegistry data Result {
15 silly mapToRegistry   raw: 'uglify-js',
15 silly mapToRegistry   scope: null,
15 silly mapToRegistry   name: 'uglify-js',
15 silly mapToRegistry   rawSpec: '',
15 silly mapToRegistry   spec: 'latest',
15 silly mapToRegistry   type: 'tag' }
16 silly mapToRegistry uri https://registry.npmjs.org/uglify-js
17 verbose addNameTag registry:https://registry.npmjs.org/uglify-js not in flight; fetching
18 verbose request uri https://registry.npmjs.org/uglify-js
19 verbose request no auth needed
20 info attempt registry request try #1 at 2:35:41 AM
21 verbose request id c45b1117efb81277
22 http request GET https://registry.npmjs.org/uglify-js
23 info retry will retry, error on last attempt: Error: socket hang up
24 info attempt registry request try #2 at 2:36:59 AM
25 http request GET https://registry.npmjs.org/uglify-js
26 info retry will retry, error on last attempt: Error: socket hang up
27 info attempt registry request try #3 at 2:39:01 AM
28 http request GET https://registry.npmjs.org/uglify-js
29 verbose stack Error: socket hang up
29 verbose stack     at TLSSocket.onHangUp (_tls_wrap.js:1049:19)
29 verbose stack     at TLSSocket.g (events.js:260:16)
29 verbose stack     at emitNone (events.js:72:20)
29 verbose stack     at TLSSocket.emit (events.js:166:7)
29 verbose stack     at endReadableNT (_stream_readable.js:913:12)
29 verbose stack     at nextTickCallbackWith2Args (node.js:442:9)
29 verbose stack     at process._tickCallback (node.js:356:17)
30 verbose cwd /home/pury/Github/Packjs
31 error Linux 3.10.0-123.el7.x86_64
32 error argv "/home/pury/Programs/nodejs/bin/node" "/usr/bin/npm" "install" "uglify-js" "-g"
33 error node v4.4.3
34 error npm  v2.15.1
35 error code ECONNRESET
36 error network socket hang up
36 error network This is most likely not a problem with npm itself
36 error network and is related to network connectivity.
36 error network In most cases you are behind a proxy or have bad network settings.
36 error network
36 error network If you are behind a proxy, please make sure that the
36 error network 'proxy' config is set properly.  See: 'npm help config'
37 verbose exit [ 1, true ]
